<?xml version="1.0" encoding="UTF-8"?>
<testsuites name="jest tests" tests="11" failures="0" errors="0" time="6.255">
  <testsuite name="Table" errors="0" failures="0" skipped="0" timestamp="2021-10-30T05:15:32" time="2.95" tests="11">
    <testcase classname="Table render" name="Table render" time="0.113">
    </testcase>
    <testcase classname="Table loadData" name="Table loadData" time="0.099">
    </testcase>
    <testcase classname="Table showPager" name="Table showPager" time="0.084">
    </testcase>
    <testcase classname="Table sort" name="Table sort" time="0.081">
    </testcase>
    <testcase classname="Table default sort" name="Table default sort" time="0.043">
    </testcase>
    <testcase classname="Table sort not sortable column" name="Table sort not sortable column" time="0.034">
    </testcase>
    <testcase classname="Table title slot" name="Table title slot" time="0.057">
    </testcase>
    <testcase classname="Table cell slot" name="Table cell slot" time="0.022">
    </testcase>
    <testcase classname="Table custom cell slot name" name="Table custom cell slot name" time="0.022">
    </testcase>
    <testcase classname="Table data missing" name="Table data missing" time="0.037">
    </testcase>
    <testcase classname="Table sortMethod" name="Table sortMethod" time="0.019">
    </testcase>
  </testsuite>
</testsuites>