<?xml version="1.0" encoding="UTF-8"?>
<testsuites name="jest tests" tests="10" failures="0" errors="0" time="21.799">
  <testsuite name="Table" errors="0" failures="0" skipped="0" timestamp="2021-10-18T13:46:39" time="14.527" tests="10">
    <testcase classname="Table render" name="Table render" time="0.113">
    </testcase>
    <testcase classname="Table loadData" name="Table loadData" time="0.063">
    </testcase>
    <testcase classname="Table showPager" name="Table showPager" time="0.128">
    </testcase>
    <testcase classname="Table sort" name="Table sort" time="0.099">
    </testcase>
    <testcase classname="Table default sort" name="Table default sort" time="0.041">
    </testcase>
    <testcase classname="Table sort not sortable column" name="Table sort not sortable column" time="0.029">
    </testcase>
    <testcase classname="Table title slot" name="Table title slot" time="0.065">
    </testcase>
    <testcase classname="Table cell slot" name="Table cell slot" time="0.138">
    </testcase>
    <testcase classname="Table custom cell slot name" name="Table custom cell slot name" time="0.043">
    </testcase>
    <testcase classname="Table data missing" name="Table data missing" time="0.031">
    </testcase>
  </testsuite>
</testsuites>