<?xml version="1.0" encoding="UTF-8"?>
<testsuites name="jest tests" tests="13" failures="0" errors="0" time="8.527">
  <testsuite name="Table" errors="0" failures="0" skipped="0" timestamp="2021-10-31T08:27:45" time="3.869" tests="13">
    <testcase classname="Table render" name="Table render" time="0.078">
    </testcase>
    <testcase classname="Table loadData" name="Table loadData" time="0.031">
    </testcase>
    <testcase classname="Table pager" name="Table pager" time="0.207">
    </testcase>
    <testcase classname="Table pager&apos;s over limit options" name="Table pager&apos;s over limit options" time="0.083">
    </testcase>
    <testcase classname="Table sort" name="Table sort" time="0.063">
    </testcase>
    <testcase classname="Table default sort" name="Table default sort" time="0.034">
    </testcase>
    <testcase classname="Table sort not sortable column" name="Table sort not sortable column" time="0.029">
    </testcase>
    <testcase classname="Table title slot" name="Table title slot" time="0.05">
    </testcase>
    <testcase classname="Table cell slot" name="Table cell slot" time="0.018">
    </testcase>
    <testcase classname="Table custom cell slot name" name="Table custom cell slot name" time="0.018">
    </testcase>
    <testcase classname="Table data missing" name="Table data missing" time="0.019">
    </testcase>
    <testcase classname="Table hooks: data store" name="Table hooks: data store" time="0.042">
    </testcase>
    <testcase classname="Table hooks: sortable" name="Table hooks: sortable" time="0.041">
    </testcase>
  </testsuite>
</testsuites>